2021-04-12 20:28:00.734  WARN 82195 --- [main] o.s.boot.StartupInfoLogger               : InetAddress.getLocalHost().getHostName() took 5005 milliseconds to respond. Please verify your network configuration (macOS machines may need to add entries to /etc/hosts).
2021-04-12 20:28:05.741  INFO 82195 --- [main] nextstep.subway.SubwayApplication        : Starting SubwayApplication using Java 1.8.0_231 on MacBook-Pro.local with PID 82195 (/Users/shakevan/Desktop/Van/infra-subway/build/classes/java/main started by shakevan in /Users/shakevan/Desktop/Van/infra-subway)
2021-04-12 20:28:05.742  INFO 82195 --- [main] nextstep.subway.SubwayApplication        : The following profiles are active: local
2021-04-12 20:28:06.075  INFO 82195 --- [main] .s.d.r.c.RepositoryConfigurationDelegate : Bootstrapping Spring Data JPA repositories in DEFAULT mode.
2021-04-12 20:28:06.130  INFO 82195 --- [main] .s.d.r.c.RepositoryConfigurationDelegate : Finished Spring Data repository scanning in 48 ms. Found 4 JPA repository interfaces.
2021-04-12 20:28:06.426  INFO 82195 --- [main] trationDelegate$BeanPostProcessorChecker : Bean 'pl.allegro.tech.boot.autoconfigure.handlebars.HandlebarsHelpersAutoConfiguration' of type [pl.allegro.tech.boot.autoconfigure.handlebars.HandlebarsHelpersAutoConfiguration$$EnhancerBySpringCGLIB$$758f7150] is not eligible for getting processed by all BeanPostProcessors (for example: not eligible for auto-proxying)
2021-04-12 20:28:06.437  INFO 82195 --- [main] trationDelegate$BeanPostProcessorChecker : Bean 'handlebars.resolver-pl.allegro.tech.boot.autoconfigure.handlebars.HandlebarsValueResolversProperties' of type [pl.allegro.tech.boot.autoconfigure.handlebars.HandlebarsValueResolversProperties] is not eligible for getting processed by all BeanPostProcessors (for example: not eligible for auto-proxying)
2021-04-12 20:28:06.442  INFO 82195 --- [main] trationDelegate$BeanPostProcessorChecker : Bean 'handlebars-pl.allegro.tech.boot.autoconfigure.handlebars.HandlebarsProperties' of type [pl.allegro.tech.boot.autoconfigure.handlebars.HandlebarsProperties] is not eligible for getting processed by all BeanPostProcessors (for example: not eligible for auto-proxying)
2021-04-12 20:28:06.443  INFO 82195 --- [main] trationDelegate$BeanPostProcessorChecker : Bean 'pl.allegro.tech.boot.autoconfigure.handlebars.HandlebarsAutoConfiguration$HandlebarsViewResolverConfiguration' of type [pl.allegro.tech.boot.autoconfigure.handlebars.HandlebarsAutoConfiguration$HandlebarsViewResolverConfiguration$$EnhancerBySpringCGLIB$$88769bee] is not eligible for getting processed by all BeanPostProcessors (for example: not eligible for auto-proxying)
2021-04-12 20:28:06.480  INFO 82195 --- [main] trationDelegate$BeanPostProcessorChecker : Bean 'handlebarsViewResolver' of type [com.github.jknack.handlebars.springmvc.HandlebarsViewResolver] is not eligible for getting processed by all BeanPostProcessors (for example: not eligible for auto-proxying)
2021-04-12 20:28:06.612  INFO 82195 --- [main] o.s.b.w.embedded.tomcat.TomcatWebServer  : Tomcat initialized with port(s): 8080 (http)
2021-04-12 20:28:06.617  INFO 82195 --- [main] o.apache.catalina.core.StandardService   : Starting service [Tomcat]
2021-04-12 20:28:06.618  INFO 82195 --- [main] org.apache.catalina.core.StandardEngine  : Starting Servlet engine: [Apache Tomcat/9.0.39]
2021-04-12 20:28:06.676  INFO 82195 --- [main] o.a.c.c.C.[Tomcat].[localhost].[/]       : Initializing Spring embedded WebApplicationContext
2021-04-12 20:28:06.676  INFO 82195 --- [main] w.s.c.ServletWebServerApplicationContext : Root WebApplicationContext: initialization completed in 898 ms
2021-04-12 20:28:06.707  INFO 82195 --- [main] n.r.s.b.l.access.LogbackAccessContext    : Configured the Logback-access: context=[default], config=[classpath:logback-access.xml]
2021-04-12 20:28:06.807  INFO 82195 --- [main] o.hibernate.jpa.internal.util.LogHelper  : HHH000204: Processing PersistenceUnitInfo [name: default]
2021-04-12 20:28:06.834  INFO 82195 --- [main] org.hibernate.Version                    : HHH000412: Hibernate ORM core version 5.4.23.Final
2021-04-12 20:28:06.940  INFO 82195 --- [main] o.hibernate.annotations.common.Version   : HCANN000001: Hibernate Commons Annotations {5.1.2.Final}
2021-04-12 20:28:07.000  INFO 82195 --- [main] com.zaxxer.hikari.HikariDataSource       : HikariPool-1 - Starting...
2021-04-12 20:28:07.044  INFO 82195 --- [main] com.zaxxer.hikari.HikariDataSource       : HikariPool-1 - Start completed.
2021-04-12 20:28:07.058  INFO 82195 --- [main] org.hibernate.dialect.Dialect            : HHH000400: Using dialect: org.hibernate.dialect.MariaDB53Dialect
2021-04-12 20:28:07.471  INFO 82195 --- [main] o.h.e.t.j.p.i.JtaPlatformInitiator       : HHH000490: Using JtaPlatform implementation: [org.hibernate.engine.transaction.jta.platform.internal.NoJtaPlatform]
2021-04-12 20:28:07.477  INFO 82195 --- [main] j.LocalContainerEntityManagerFactoryBean : Initialized JPA EntityManagerFactory for persistence unit 'default'
2021-04-12 20:28:07.803  WARN 82195 --- [main] JpaBaseConfiguration$JpaWebConfiguration : spring.jpa.open-in-view is enabled by default. Therefore, database queries may be performed during view rendering. Explicitly configure spring.jpa.open-in-view to disable this warning
2021-04-12 20:28:07.868  INFO 82195 --- [main] o.s.s.concurrent.ThreadPoolTaskExecutor  : Initializing ExecutorService 'applicationTaskExecutor'
2021-04-12 20:28:07.918  INFO 82195 --- [main] o.s.b.a.w.s.WelcomePageHandlerMapping    : Adding welcome page template: index
2021-04-12 20:28:08.021  INFO 82195 --- [main] o.s.b.w.embedded.tomcat.TomcatWebServer  : Tomcat started on port(s): 8080 (http) with context path ''
2021-04-12 20:28:08.028  INFO 82195 --- [main] nextstep.subway.SubwayApplication        : Started SubwayApplication in 22.663 seconds (JVM running for 28.094)
